2024-12-26 08:45:49.493 [main] INFO  t.Test01_ProductListing - **Starting TC01_ProductListingVerification**
2024-12-26 08:45:59.604 [main] INFO  t.Test01_ProductListing - **TC01_No products are displayed on the page.**
2024-12-26 08:46:14.342 [main] INFO  t.Test02_search - **Starting testSearchAndVerifyFirstProduct for product: Cake**
2024-12-26 08:46:14.810 [main] INFO  t.Test02_search - **Successfully Searched the Product**
2024-12-26 08:46:19.463 [main] INFO  t.Test02_search - **testSearchAndVerifyFirstProduct completed successfully**
2024-12-26 08:46:22.197 [main] INFO  t.Test02_search - **Starting testSearchAndVerifyFirstProduct for product: Phone**
2024-12-26 08:46:22.930 [main] INFO  t.Test02_search - **Successfully Searched the Product**
2024-12-26 08:46:24.970 [main] INFO  t.Test02_search - **testSearchAndVerifyFirstProduct completed successfully**
2024-12-26 08:46:27.312 [main] INFO  t.Test02_search - **Starting testSearchAndVerifyFirstProduct for product: Laptop**
2024-12-26 08:46:27.939 [main] INFO  t.Test02_search - **Successfully Searched the Product**
2024-12-26 08:46:29.901 [main] INFO  t.Test02_search - **testSearchAndVerifyFirstProduct completed successfully**
2024-12-26 08:46:36.038 [main] INFO  t.Test03_AddtoCart - **Starting AddToCartTest**
2024-12-26 08:46:36.078 [main] INFO  t.Test03_AddtoCart - **Searching and simulating Enter key for product: Spa Ceylon Undersea Paradise**
2024-12-26 08:47:02.342 [main] INFO  t.Test03_AddtoCart - **Selecting the first product from search results**
2024-12-26 08:47:30.289 [main] INFO  t.Test03_AddtoCart - **Adding product to the cart**
2024-12-26 08:47:33.858 [main] INFO  t.Test03_AddtoCart - **Continuing shopping after adding to the cart**
2024-12-26 08:47:43.783 [main] INFO  t.Test04_viewCart - **Starting AddToCartTest**
2024-12-26 08:47:43.783 [main] INFO  t.Test04_viewCart - **Searching and simulating Enter key for product: Spa Ceylon Undersea Paradise**
2024-12-26 08:48:09.876 [main] INFO  t.Test04_viewCart - **Selecting the first product from search results**
2024-12-26 08:48:39.947 [main] INFO  t.Test04_viewCart - **Adding product to the cart**
2024-12-26 08:48:45.902 [main] INFO  t.Test04_viewCart - **Continuing shopping after adding to the cart**
2024-12-26 08:53:52.005 [main] INFO  t.Test04_viewCart - **Starting AddToCartTest**
2024-12-26 08:53:52.092 [main] INFO  t.Test04_viewCart - **Searching and simulating Enter key for product: Spa Ceylon Undersea Paradise**
2024-12-26 08:54:20.245 [main] INFO  t.Test04_viewCart - **Selecting the first product from search results**
2024-12-26 08:54:48.239 [main] INFO  t.Test04_viewCart - **Adding product to the cart**
2024-12-26 08:54:52.102 [main] INFO  t.Test04_viewCart - **Continuing shopping after adding to the cart**
2024-12-26 08:55:43.406 [main] INFO  t.Test04_viewCart - **Starting AddToCartTest**
2024-12-26 08:55:43.437 [main] INFO  t.Test04_viewCart - **Searching and simulating Enter key for product: Spa Ceylon Undersea Paradise**
2024-12-26 08:56:12.608 [main] INFO  t.Test04_viewCart - **Selecting the first product from search results**
2024-12-26 08:56:43.003 [main] INFO  t.Test04_viewCart - **Adding product to the cart**
2024-12-26 08:56:49.847 [main] INFO  t.Test04_viewCart - **Continuing shopping after adding to the cart**
2024-12-26 09:28:26.024 [main] INFO  t.Test01_ProductListing - **Starting TC01_ProductListingVerification**
2024-12-26 09:28:36.061 [main] INFO  t.Test01_ProductListing - **TC01_No products are displayed on the page.**
2024-12-26 09:28:45.276 [main] INFO  t.Test02_search - **Starting testSearch: Cake**
2024-12-26 09:28:45.526 [main] INFO  t.Test02_search - **Successfully Searched the Product**
2024-12-26 09:28:48.175 [main] INFO  t.Test02_search - **testSearch completed successfully**
2024-12-26 09:28:49.655 [main] INFO  t.Test02_search - **Starting testSearch: Phone**
2024-12-26 09:28:49.926 [main] INFO  t.Test02_search - **Successfully Searched the Product**
2024-12-26 09:28:51.733 [main] INFO  t.Test02_search - **testSearch completed successfully**
2024-12-26 09:28:53.007 [main] INFO  t.Test02_search - **Starting testSearch: Laptop**
2024-12-26 09:28:53.232 [main] INFO  t.Test02_search - **Successfully Searched the Product**
2024-12-26 09:28:54.945 [main] INFO  t.Test02_search - **testSearch completed successfully**
2024-12-26 09:28:59.281 [main] INFO  t.Test03_AddtoCart - **Starting AddToCartTest**
2024-12-26 09:28:59.305 [main] INFO  t.Test03_AddtoCart - **Searching and simulating Enter key for product: Spa Ceylon Undersea Paradise**
2024-12-26 09:29:23.522 [main] INFO  t.Test03_AddtoCart - **Selecting the first product from search results**
2024-12-26 09:29:49.848 [main] INFO  t.Test03_AddtoCart - **Adding product to the cart**
2024-12-26 09:29:51.772 [main] INFO  t.Test03_AddtoCart - **Continuing shopping after adding to the cart**
2024-12-26 09:29:57.299 [main] INFO  t.Test04_viewCart - **Starting AddToCartTest**
2024-12-26 09:29:57.300 [main] INFO  t.Test04_viewCart - **Searching and simulating Enter key for product: Spa Ceylon Undersea Paradise**
2024-12-26 09:30:22.535 [main] INFO  t.Test04_viewCart - **Selecting the first product from search results**
2024-12-26 09:30:48.743 [main] INFO  t.Test04_viewCart - **Adding product to the cart**
2024-12-26 09:30:50.528 [main] INFO  t.Test04_viewCart - **Continuing shopping after adding to the cart**
2024-12-26 09:31:03.590 [main] INFO  t.Test01_ProductListing - **Starting TC01_ProductListingVerification**
2024-12-26 09:31:13.615 [main] INFO  t.Test01_ProductListing - **TC01_No products are displayed on the page.**
2024-12-26 09:31:18.037 [main] INFO  t.Test02_search - **Starting testSearch: Cake**
2024-12-26 09:31:18.274 [main] INFO  t.Test02_search - **Successfully Searched the Product**
2024-12-26 09:31:18.596 [main] INFO  t.Test02_search - **testSearch completed successfully**
2024-12-26 09:31:18.882 [main] INFO  t.Test02_search - **Starting testSearch: Phone**
2024-12-26 09:31:19.070 [main] INFO  t.Test02_search - **Successfully Searched the Product**
2024-12-26 09:31:19.391 [main] INFO  t.Test02_search - **testSearch completed successfully**
2024-12-26 09:31:19.695 [main] INFO  t.Test02_search - **Starting testSearch: Laptop**
2024-12-26 09:31:19.886 [main] INFO  t.Test02_search - **Successfully Searched the Product**
2024-12-26 09:31:20.078 [main] INFO  t.Test02_search - **testSearch completed successfully**
2024-12-26 09:31:23.661 [main] INFO  t.Test03_AddtoCart - **Starting AddToCartTest**
2024-12-26 09:31:23.661 [main] INFO  t.Test03_AddtoCart - **Searching and simulating Enter key for product: Spa Ceylon Undersea Paradise**
2024-12-26 09:31:44.677 [main] INFO  t.Test03_AddtoCart - **Selecting the first product from search results**
2024-12-26 09:32:09.995 [main] INFO  t.Test03_AddtoCart - **Adding product to the cart**
2024-12-26 09:32:10.497 [main] INFO  t.Test03_AddtoCart - **Continuing shopping after adding to the cart**
2024-12-26 09:32:14.985 [main] INFO  t.Test04_viewCart - **Starting AddToCartTest**
2024-12-26 09:32:14.986 [main] INFO  t.Test04_viewCart - **Searching and simulating Enter key for product: Spa Ceylon Undersea Paradise**
2024-12-26 09:32:37.623 [main] INFO  t.Test04_viewCart - **Selecting the first product from search results**
2024-12-26 09:33:02.882 [main] INFO  t.Test04_viewCart - **Adding product to the cart**
2024-12-26 09:33:03.392 [main] INFO  t.Test04_viewCart - **Continuing shopping after adding to the cart**
2024-12-26 14:55:32.150 [main] INFO  t.Test01_ProductListing - **Starting TC01_ProductListingVerification**
2024-12-26 14:55:42.218 [main] INFO  t.Test01_ProductListing - **TC01_No products are displayed on the page.**
2024-12-26 14:55:56.678 [main] INFO  t.Test02_search - **Starting testSearch: Cake**
2024-12-26 14:55:56.902 [main] INFO  t.Test02_search - **Successfully Searched the Product**
2024-12-26 14:55:58.532 [main] INFO  t.Test02_search - **testSearch completed successfully**
2024-12-26 14:56:00.381 [main] INFO  t.Test02_search - **Starting testSearch: Phone**
2024-12-26 14:56:00.552 [main] INFO  t.Test02_search - **Successfully Searched the Product**
2024-12-26 14:56:02.290 [main] INFO  t.Test02_search - **testSearch completed successfully**
2024-12-26 14:56:03.146 [main] INFO  t.Test02_search - **Starting testSearch: Laptop**
2024-12-26 14:56:03.444 [main] INFO  t.Test02_search - **Successfully Searched the Product**
2024-12-26 14:56:04.386 [main] INFO  t.Test02_search - **testSearch completed successfully**
2024-12-26 14:56:17.389 [main] INFO  t.Test03_AddtoCart - **Starting AddToCartTest**
2024-12-26 14:56:17.391 [main] INFO  t.Test03_AddtoCart - **Searching and simulating Enter key for product: Spa Ceylon Undersea Paradise**
2024-12-26 14:56:40.396 [main] INFO  t.Test03_AddtoCart - **Selecting the first product from search results**
2024-12-26 14:57:08.433 [main] INFO  t.Test03_AddtoCart - **Adding product to the cart**
2024-12-26 14:57:10.118 [main] INFO  t.Test03_AddtoCart - **Continuing shopping after adding to the cart**
2024-12-26 14:57:35.212 [main] INFO  t.Test04_viewCart - **Starting AddToCartTest**
2024-12-26 14:57:35.213 [main] INFO  t.Test04_viewCart - **Searching and simulating Enter key for product: Spa Ceylon Undersea Paradise**
2024-12-26 14:58:25.892 [main] INFO  t.Test04_viewCart - **Selecting the first product from search results**
2024-12-26 14:59:06.324 [main] INFO  t.Test04_viewCart - **Adding product to the cart**
2024-12-26 14:59:08.423 [main] INFO  t.Test04_viewCart - **Continuing shopping after adding to the cart**
2024-12-26 15:10:43.015 [main] INFO  t.Test01_ProductListing - **Starting TC01_ProductListingVerification**
2024-12-26 15:10:53.115 [main] INFO  t.Test01_ProductListing - **TC01_No products are displayed on the page.**
2024-12-26 15:11:07.355 [main] INFO  t.Test02_search - **Starting testSearch: Cake**
2024-12-26 15:11:07.595 [main] INFO  t.Test02_search - **Successfully Searched the Product**
2024-12-26 15:11:09.370 [main] INFO  t.Test02_search - **testSearch completed successfully**
2024-12-26 15:11:11.230 [main] INFO  t.Test02_search - **Starting testSearch: Phone**
2024-12-26 15:11:11.437 [main] INFO  t.Test02_search - **Successfully Searched the Product**
2024-12-26 15:11:13.347 [main] INFO  t.Test02_search - **testSearch completed successfully**
2024-12-26 15:11:14.355 [main] INFO  t.Test02_search - **Starting testSearch: Laptop**
2024-12-26 15:11:14.637 [main] INFO  t.Test02_search - **Successfully Searched the Product**
2024-12-26 15:11:15.886 [main] INFO  t.Test02_search - **testSearch completed successfully**
2024-12-26 15:11:26.987 [main] INFO  t.Test03_AddtoCart - **Starting AddToCartTest**
2024-12-26 15:11:26.990 [main] INFO  t.Test03_AddtoCart - **Searching and simulating Enter key for product: Spa Ceylon Undersea Paradise**
2024-12-26 15:11:50.422 [main] INFO  t.Test03_AddtoCart - **Selecting the first product from search results**
2024-12-26 15:12:14.631 [main] INFO  t.Test03_AddtoCart - **Adding product to the cart**
2024-12-26 15:12:16.677 [main] INFO  t.Test03_AddtoCart - **Continuing shopping after adding to the cart**
2024-12-26 15:12:29.277 [main] INFO  t.Test04_viewCart - **Starting AddToCartTest**
2024-12-26 15:12:29.278 [main] INFO  t.Test04_viewCart - **Searching and simulating Enter key for product: Spa Ceylon Undersea Paradise**
2024-12-26 15:12:52.537 [main] INFO  t.Test04_viewCart - **Selecting the first product from search results**
2024-12-26 15:13:22.280 [main] INFO  t.Test04_viewCart - **Adding product to the cart**
2024-12-26 15:13:24.134 [main] INFO  t.Test04_viewCart - **Continuing shopping after adding to the cart**
2024-12-26 15:13:58.677 [main] INFO  t.Test01_ProductListing - **Starting TC01_ProductListingVerification**
2024-12-26 15:14:08.742 [main] INFO  t.Test01_ProductListing - **TC01_No products are displayed on the page.**
2024-12-26 15:15:32.985 [main] INFO  t.Test02_search - **Starting testSearch: Cake**
2024-12-26 15:15:33.273 [main] INFO  t.Test02_search - **Successfully Searched the Product**
2024-12-26 15:15:33.589 [main] INFO  t.Test02_search - **testSearch completed successfully**
2024-12-26 15:15:33.865 [main] INFO  t.Test02_search - **Starting testSearch: Phone**
2024-12-26 15:15:34.061 [main] INFO  t.Test02_search - **Successfully Searched the Product**
2024-12-26 15:15:34.491 [main] INFO  t.Test02_search - **testSearch completed successfully**
2024-12-26 15:15:34.793 [main] INFO  t.Test02_search - **Starting testSearch: Laptop**
2024-12-26 15:15:34.950 [main] INFO  t.Test02_search - **Successfully Searched the Product**
2024-12-26 15:15:35.230 [main] INFO  t.Test02_search - **testSearch completed successfully**
2024-12-26 15:15:42.497 [main] INFO  t.Test03_AddtoCart - **Starting AddToCartTest**
2024-12-26 15:15:42.497 [main] INFO  t.Test03_AddtoCart - **Searching and simulating Enter key for product: Spa Ceylon Undersea Paradise**
2024-12-26 15:16:04.143 [main] INFO  t.Test03_AddtoCart - **Selecting the first product from search results**
2024-12-26 15:16:27.093 [main] INFO  t.Test03_AddtoCart - **Adding product to the cart**
2024-12-26 15:16:27.722 [main] INFO  t.Test03_AddtoCart - **Continuing shopping after adding to the cart**
2024-12-26 15:16:34.471 [main] INFO  t.Test04_viewCart - **Starting AddToCartTest**
2024-12-26 15:16:34.472 [main] INFO  t.Test04_viewCart - **Searching and simulating Enter key for product: Spa Ceylon Undersea Paradise**
2024-12-26 15:16:57.473 [main] INFO  t.Test04_viewCart - **Selecting the first product from search results**
2024-12-26 15:17:20.697 [main] INFO  t.Test04_viewCart - **Adding product to the cart**
2024-12-26 15:17:21.189 [main] INFO  t.Test04_viewCart - **Continuing shopping after adding to the cart**
